<?xml version="1.0" encoding="UTF-8"?>
<!-- Generated by org.testng.reporters.JUnitXMLReporter -->
<testsuite ignored="0" hostname="DESKTOP-IPCLUFG" failures="0" tests="10" name="Default test" time="132.387" errors="0" timestamp="2022-01-15T13:04:43 IST">
  <testcase classname="com.mindtree.runner.carsrunner" name="validateTitle" time="0.738"/>
  <testcase classname="com.mindtree.runner.carsrunner" name="LogIn" time="9.134"/>
  <testcase classname="com.mindtree.runner.carsrunner" name="Outstation" time="16.316"/>
  <testcase classname="com.mindtree.runner.carsrunner" name="Selectcar" time="9.148"/>
  <testcase classname="com.mindtree.runner.carsrunner" name="Local" time="6.893"/>
  <testcase classname="com.mindtree.runner.carsrunner" name="Airport" time="8.751"/>
  <testcase classname="com.mindtree.runner.carsrunner" name="ThisApp" time="6.463"/>
  <testcase classname="com.mindtree.runner.carsrunner" name="CarRental" time="17.974"/>
  <testcase classname="com.mindtree.runner.carsrunner" name="Onewaycab" time="13.347"/>
  <testcase classname="com.mindtree.runner.carsrunner" name="SignOut" time="26.962"/>
</testsuite> <!-- Default test -->
