<?xml version="1.0" encoding="UTF-8"?>
<!-- Generated by org.testng.reporters.JUnitXMLReporter -->
<testsuite ignored="0" hostname="LAPTOP-S5PQ46D9" failures="0" tests="3" name="Default test" time="19.871" errors="0" timestamp="2025-10-06T15:38:13 IST">
  <testcase classname="com.mindtree.runner.carsrunner" name="validateTitle" time="0.322"/>
  <testcase classname="com.mindtree.runner.carsrunner" name="LogIn" time="2.325"/>
  <testcase classname="com.mindtree.runner.carsrunner" name="NewAccount" time="10.59"/>
</testsuite> <!-- Default test -->
