<?xml version="1.0" encoding="UTF-8"?>
<!-- Generated by org.testng.reporters.JUnitXMLReporter -->
<testsuite ignored="0" hostname="LAPTOP-S5PQ46D9" failures="9" tests="10" name="Test" time="12.47" errors="0" timestamp="2025-10-02T22:52:27 IST">
  <testcase classname="com.mindtree.runner.carsrunner" name="@AfterTest closeInstance" time="0.004">
    <failure type="org.openqa.selenium.NoSuchSessionException" message="invalid session id
Build info: version: &amp;apos;3.141.59&amp;apos;, revision: &amp;apos;e82be7d358&amp;apos;, time: &amp;apos;2018-11-14T08:17:03&amp;apos;
System info: host: &amp;apos;LAPTOP-S5PQ46D9&amp;apos;, ip: &amp;apos;192.168.1.8&amp;apos;, os.name: &amp;apos;Windows 10&amp;apos;, os.arch: &amp;apos;amd64&amp;apos;, os.version: &amp;apos;10.0&amp;apos;, java.version: &amp;apos;11.0.12&amp;apos;
Driver info: org.openqa.selenium.chrome.ChromeDriver
Capabilities {acceptInsecureCerts: false, browserName: chrome, browserVersion: 139.0.7258.155, chrome: {chromedriverVersion: 139.0.7258.154 (9e0d6b2b47f..., userDataDir: C:\Users\user\AppData\Local...}, fedcm:accounts: true, goog:chromeOptions: {debuggerAddress: localhost:50436}, javascriptEnabled: true, networkConnectionEnabled: false, pageLoadStrategy: normal, platform: WINDOWS, platformName: WINDOWS, proxy: Proxy(), setWindowRect: true, strictFileInteractability: false, timeouts: {implicit: 0, pageLoad: 300000, script: 30000}, unhandledPromptBehavior: dismiss and notify, webauthn:extension:credBlob: true, webauthn:extension:largeBlob: true, webauthn:extension:minPinLength: true, webauthn:extension:prf: true, webauthn:virtualAuthenticators: true}
Session ID: 2f9c981b7af0bfbbb845d07e427f38aa">
      <![CDATA[org.openqa.selenium.NoSuchSessionException: invalid session id
Build info: version: '3.141.59', revision: 'e82be7d358', time: '2018-11-14T08:17:03'
System info: host: 'LAPTOP-S5PQ46D9', ip: '192.168.1.8', os.name: 'Windows 10', os.arch: 'amd64', os.version: '10.0', java.version: '11.0.12'
Driver info: org.openqa.selenium.chrome.ChromeDriver
Capabilities {acceptInsecureCerts: false, browserName: chrome, browserVersion: 139.0.7258.155, chrome: {chromedriverVersion: 139.0.7258.154 (9e0d6b2b47f..., userDataDir: C:\Users\user\AppData\Local...}, fedcm:accounts: true, goog:chromeOptions: {debuggerAddress: localhost:50436}, javascriptEnabled: true, networkConnectionEnabled: false, pageLoadStrategy: normal, platform: WINDOWS, platformName: WINDOWS, proxy: Proxy(), setWindowRect: true, strictFileInteractability: false, timeouts: {implicit: 0, pageLoad: 300000, script: 30000}, unhandledPromptBehavior: dismiss and notify, webauthn:extension:credBlob: true, webauthn:extension:largeBlob: true, webauthn:extension:minPinLength: true, webauthn:extension:prf: true, webauthn:virtualAuthenticators: true}
Session ID: 2f9c981b7af0bfbbb845d07e427f38aa
at org.openqa.selenium.remote.http.W3CHttpResponseCodec.createException(W3CHttpResponseCodec.java:187)
at org.openqa.selenium.remote.http.W3CHttpResponseCodec.decode(W3CHttpResponseCodec.java:122)
at org.openqa.selenium.remote.http.W3CHttpResponseCodec.decode(W3CHttpResponseCodec.java:49)
at org.openqa.selenium.remote.HttpCommandExecutor.execute(HttpCommandExecutor.java:158)
at org.openqa.selenium.remote.service.DriverCommandExecutor.execute(DriverCommandExecutor.java:83)
at org.openqa.selenium.remote.RemoteWebDriver.execute(RemoteWebDriver.java:552)
at org.openqa.selenium.remote.RemoteWebDriver.execute(RemoteWebDriver.java:609)
at org.openqa.selenium.remote.RemoteWebDriver.close(RemoteWebDriver.java:442)
at com.mindtree.runner.carsrunner.closeInstance(carsrunner.java:243)
... Removed 31 stack frames]]>
    </failure>
  </testcase> <!-- @AfterTest closeInstance -->
  <testcase classname="com.mindtree.runner.carsrunner" name="validateTitle" time="0.229"/>
  <testcase classname="com.mindtree.runner.carsrunner" name="LogIn" time="4.993">
    <failure type="com.mindtree.exceptions.ApplicationException">
      <![CDATA[null
at com.mindtree.runner.carsrunner.LogIn(carsrunner.java:89)
at java.base/java.util.ArrayList.forEach(ArrayList.java:1541)
... Removed 31 stack frames]]>
    </failure>
  </testcase> <!-- LogIn -->
  <testcase classname="com.mindtree.runner.carsrunner" name="Outstation" time="0.143">
    <failure type="com.mindtree.exceptions.ApplicationException">
      <![CDATA[null
at com.mindtree.runner.carsrunner.Outstation(carsrunner.java:111)
at java.base/java.util.ArrayList.forEach(ArrayList.java:1541)
... Removed 31 stack frames]]>
    </failure>
  </testcase> <!-- Outstation -->
  <testcase classname="com.mindtree.runner.carsrunner" name="Selectcar" time="2.053">
    <failure type="com.mindtree.exceptions.ApplicationException">
      <![CDATA[null
at com.mindtree.runner.carsrunner.Selectcar(carsrunner.java:133)
at java.base/java.util.ArrayList.forEach(ArrayList.java:1541)
... Removed 31 stack frames]]>
    </failure>
  </testcase> <!-- Selectcar -->
  <testcase classname="com.mindtree.runner.carsrunner" name="Local" time="0.038">
    <failure type="com.mindtree.exceptions.ApplicationException">
      <![CDATA[null
at com.mindtree.runner.carsrunner.Local(carsrunner.java:148)
at java.base/java.util.ArrayList.forEach(ArrayList.java:1541)
... Removed 31 stack frames]]>
    </failure>
  </testcase> <!-- Local -->
  <testcase classname="com.mindtree.runner.carsrunner" name="Airport" time="0.036">
    <failure type="com.mindtree.exceptions.ApplicationException">
      <![CDATA[null
at com.mindtree.runner.carsrunner.Airport(carsrunner.java:163)
at java.base/java.util.ArrayList.forEach(ArrayList.java:1541)
... Removed 31 stack frames]]>
    </failure>
  </testcase> <!-- Airport -->
  <testcase classname="com.mindtree.runner.carsrunner" name="ThisApp" time="0.038">
    <failure type="com.mindtree.exceptions.ApplicationException">
      <![CDATA[null
at com.mindtree.runner.carsrunner.ThisApp(carsrunner.java:184)
at java.base/java.util.ArrayList.forEach(ArrayList.java:1541)
... Removed 31 stack frames]]>
    </failure>
  </testcase> <!-- ThisApp -->
  <testcase classname="com.mindtree.runner.carsrunner" name="CarRental" time="0.046">
    <failure type="com.mindtree.exceptions.ApplicationException">
      <![CDATA[null
at com.mindtree.runner.carsrunner.CarRental(carsrunner.java:197)
at java.base/java.util.ArrayList.forEach(ArrayList.java:1541)
... Removed 31 stack frames]]>
    </failure>
  </testcase> <!-- CarRental -->
  <testcase classname="com.mindtree.runner.carsrunner" name="Onewaycab" time="0.036">
    <failure type="com.mindtree.exceptions.ApplicationException">
      <![CDATA[null
at com.mindtree.runner.carsrunner.Onewaycab(carsrunner.java:220)
at java.base/java.util.ArrayList.forEach(ArrayList.java:1541)
... Removed 31 stack frames]]>
    </failure>
  </testcase> <!-- Onewaycab -->
  <testcase classname="com.mindtree.runner.carsrunner" name="SignOut" time="0.047">
    <failure type="com.mindtree.exceptions.ApplicationException">
      <![CDATA[null
at com.mindtree.runner.carsrunner.SignOut(carsrunner.java:235)
at java.base/java.util.ArrayList.forEach(ArrayList.java:1541)
... Removed 31 stack frames]]>
    </failure>
  </testcase> <!-- SignOut -->
</testsuite> <!-- Test -->
