<?xml version="1.0" encoding="UTF-8"?>
<!-- Generated by org.testng.reporters.JUnitXMLReporter -->
<testsuite ignored="0" hostname="DESKTOP-IPCLUFG" failures="1" tests="10" name="Test" time="182.124" errors="0" timestamp="2022-01-17T00:15:30 IST">
  <testcase classname="com.mindtree.runner.carsrunner" name="validateTitle" time="0.756"/>
  <testcase classname="com.mindtree.runner.carsrunner" name="LogIn" time="10.371"/>
  <testcase classname="com.mindtree.runner.carsrunner" name="Outstation" time="17.395"/>
  <testcase classname="com.mindtree.runner.carsrunner" name="Selectcar" time="11.641"/>
  <testcase classname="com.mindtree.runner.carsrunner" name="Local" time="6.882"/>
  <testcase classname="com.mindtree.runner.carsrunner" name="Airport" time="4.269">
    <failure type="com.mindtree.exceptions.ApplicationException">
      <![CDATA[null
at com.mindtree.runner.carsrunner.Airport(carsrunner.java:163)
at java.base/java.util.ArrayList.forEach(ArrayList.java:1541)
... Removed 31 stack frames]]>
    </failure>
  </testcase> <!-- Airport -->
  <testcase classname="com.mindtree.runner.carsrunner" name="ThisApp" time="12.394"/>
  <testcase classname="com.mindtree.runner.carsrunner" name="CarRental" time="20.736"/>
  <testcase classname="com.mindtree.runner.carsrunner" name="Onewaycab" time="13.967"/>
  <testcase classname="com.mindtree.runner.carsrunner" name="SignOut" time="27.417"/>
</testsuite> <!-- Test -->
