<?xml version="1.0" encoding="UTF-8"?>
<testsuite xmlns:xsi="http://www.w3.org/2001/XMLSchema-instance" xsi:noNamespaceSchemaLocation="https://maven.apache.org/surefire/maven-surefire-plugin/xsd/surefire-test-report-3.0.xsd" version="3.0" name="TestSuite" time="13.875" tests="11" errors="0" skipped="0" failures="10">
  <properties>
[...]
</properties>
  <testcase name="validateTitle[ParaBank | Welcome | Online Banking](1)" classname="com.mindtree.runner.carsrunner" time="0.222">
    <system-out><![CDATA[10-02-2025 22:52:18 ExtentLogUtilities.java INFO  [main] runner.carsrunner 14 - URL Opened
10-02-2025 22:52:19 ExtentLogUtilities.java INFO  [main] runner.carsrunner 14 - Page opend with title ParaBank | Welcome | Online Banking
]]></system-out>
    <system-err><![CDATA[Starting ChromeDriver 139.0.7258.154 (9e0d6b2b47ffb17007b713429c9a302f9e43847f-refs/branch-heads/7258@{#2926}) on port 10644
Only local connections are allowed.
Please see https://chromedriver.chromium.org/security-considerations for suggestions on keeping ChromeDriver safe.
ChromeDriver was started successfully on port 10644.
Oct 02, 2025 10:52:16 PM org.openqa.selenium.remote.ProtocolHandshake createSession
INFO: Detected dialect: W3C
]]></system-err>
  </testcase>
  <testcase name="LogIn[ProjectTestUser1, Test@12345](1)" classname="com.mindtree.runner.carsrunner" time="5.001">
    <failure type="com.mindtree.exceptions.ApplicationException"><![CDATA[com.mindtree.exceptions.ApplicationException
	at com.mindtree.runner.carsrunner.LogIn(carsrunner.java:89)
]]></failure>
    <system-out><![CDATA[10-02-2025 22:52:19 ExtentLogUtilities.java INFO  [main] runner.carsrunner 14 - Email field is send in page Account Log in
10-02-2025 22:52:19 ExtentLogUtilities.java INFO  [main] runner.carsrunner 14 - password field is send in page Account Log in
10-02-2025 22:52:20 ExtentLogUtilities.java INFO  [main] runner.carsrunner 14 - sign in button is clicked in page Account Log in
]]></system-out>
  </testcase>
  <testcase name="Outstation[Bangalore, Karnataka, Chennai Central, Chennai](1)" classname="com.mindtree.runner.carsrunner" time="0.145">
    <failure type="com.mindtree.exceptions.ApplicationException"><![CDATA[com.mindtree.exceptions.ApplicationException
	at com.mindtree.runner.carsrunner.Outstation(carsrunner.java:111)
]]></failure>
    <system-out><![CDATA[10-02-2025 22:52:24 ExtentLogUtilities.java ERROR [main] runner.carsrunner 21 - from place is not able clicked in page outstation
]]></system-out>
  </testcase>
  <testcase name="Selectcar" classname="com.mindtree.runner.carsrunner" time="2.053">
    <failure type="com.mindtree.exceptions.ApplicationException"><![CDATA[com.mindtree.exceptions.ApplicationException
	at com.mindtree.runner.carsrunner.Selectcar(carsrunner.java:133)
]]></failure>
    <system-out><![CDATA[10-02-2025 22:52:26 ExtentLogUtilities.java ERROR [main] runner.carsrunner 21 - round is not able clicked in page home page
]]></system-out>
  </testcase>
  <testcase name="Local" classname="com.mindtree.runner.carsrunner" time="0.038">
    <failure type="com.mindtree.exceptions.ApplicationException"><![CDATA[com.mindtree.exceptions.ApplicationException
	at com.mindtree.runner.carsrunner.Local(carsrunner.java:148)
]]></failure>
    <system-out><![CDATA[10-02-2025 22:52:26 ExtentLogUtilities.java ERROR [main] runner.carsrunner 21 - local is not able clicked in page homepage
]]></system-out>
  </testcase>
  <testcase name="Airport[s](1)" classname="com.mindtree.runner.carsrunner" time="0.032">
    <failure type="com.mindtree.exceptions.ApplicationException"><![CDATA[com.mindtree.exceptions.ApplicationException
	at com.mindtree.runner.carsrunner.Airport(carsrunner.java:163)
]]></failure>
    <system-out><![CDATA[10-02-2025 22:52:26 ExtentLogUtilities.java ERROR [main] runner.carsrunner 21 - Airport is not able clicked in page HomePage
]]></system-out>
  </testcase>
  <testcase name="ThisApp" classname="com.mindtree.runner.carsrunner" time="0.038">
    <failure type="com.mindtree.exceptions.ApplicationException"><![CDATA[com.mindtree.exceptions.ApplicationException
	at com.mindtree.runner.carsrunner.ThisApp(carsrunner.java:184)
]]></failure>
    <system-out><![CDATA[10-02-2025 22:52:26 ExtentLogUtilities.java ERROR [main] runner.carsrunner 21 - playstore button is not able clicked in page home page
]]></system-out>
  </testcase>
  <testcase name="CarRental[madhesh, mindtree, madheshmaddy55@gmail.com, 8.760956783E9](1)" classname="com.mindtree.runner.carsrunner" time="0.042">
    <failure type="com.mindtree.exceptions.ApplicationException"><![CDATA[com.mindtree.exceptions.ApplicationException
	at com.mindtree.runner.carsrunner.CarRental(carsrunner.java:197)
]]></failure>
    <system-out><![CDATA[10-02-2025 22:52:26 ExtentLogUtilities.java ERROR [main] runner.carsrunner 21 - Car Rental is not able clicked in page Home Page
]]></system-out>
  </testcase>
  <testcase name="Onewaycab" classname="com.mindtree.runner.carsrunner" time="0.036">
    <failure type="com.mindtree.exceptions.ApplicationException"><![CDATA[com.mindtree.exceptions.ApplicationException
	at com.mindtree.runner.carsrunner.Onewaycab(carsrunner.java:220)
]]></failure>
    <system-out><![CDATA[10-02-2025 22:52:26 ExtentLogUtilities.java ERROR [main] runner.carsrunner 21 - One way cab is not able clicked in page home page
]]></system-out>
  </testcase>
  <testcase name="SignOut" classname="com.mindtree.runner.carsrunner" time="0.047">
    <failure type="com.mindtree.exceptions.ApplicationException"><![CDATA[com.mindtree.exceptions.ApplicationException
	at com.mindtree.runner.carsrunner.SignOut(carsrunner.java:235)
]]></failure>
    <system-out><![CDATA[10-02-2025 22:52:26 ExtentLogUtilities.java ERROR [main] runner.carsrunner 21 - img is not able clicked in page img
]]></system-out>
  </testcase>
  <testcase name="closeInstance" classname="com.mindtree.runner.carsrunner" time="0.051">
    <failure message="invalid session id&#10;Build info: version: &apos;3.141.59&apos;, revision: &apos;e82be7d358&apos;, time: &apos;2018-11-14T08:17:03&apos;&#10;System info: host: &apos;LAPTOP-S5PQ46D9&apos;, ip: &apos;192.168.1.8&apos;, os.name: &apos;Windows 10&apos;, os.arch: &apos;amd64&apos;, os.version: &apos;10.0&apos;, java.version: &apos;11.0.12&apos;&#10;Driver info: org.openqa.selenium.chrome.ChromeDriver&#10;Capabilities {acceptInsecureCerts: false, browserName: chrome, browserVersion: 139.0.7258.155, chrome: {chromedriverVersion: 139.0.7258.154 (9e0d6b2b47f..., userDataDir: C:\Users\user\AppData\Local...}, fedcm:accounts: true, goog:chromeOptions: {debuggerAddress: localhost:50436}, javascriptEnabled: true, networkConnectionEnabled: false, pageLoadStrategy: normal, platform: WINDOWS, platformName: WINDOWS, proxy: Proxy(), setWindowRect: true, strictFileInteractability: false, timeouts: {implicit: 0, pageLoad: 300000, script: 30000}, unhandledPromptBehavior: dismiss and notify, webauthn:extension:credBlob: true, webauthn:extension:largeBlob: true, webauthn:extension:minPinLength: true, webauthn:extension:prf: true, webauthn:virtualAuthenticators: true}&#10;Session ID: 2f9c981b7af0bfbbb845d07e427f38aa" type="org.openqa.selenium.NoSuchSessionException"><![CDATA[org.openqa.selenium.NoSuchSessionException: 
invalid session id
Build info: version: '3.141.59', revision: 'e82be7d358', time: '2018-11-14T08:17:03'
System info: host: 'LAPTOP-S5PQ46D9', ip: '192.168.1.8', os.name: 'Windows 10', os.arch: 'amd64', os.version: '10.0', java.version: '11.0.12'
Driver info: org.openqa.selenium.chrome.ChromeDriver
Capabilities {acceptInsecureCerts: false, browserName: chrome, browserVersion: 139.0.7258.155, chrome: {chromedriverVersion: 139.0.7258.154 (9e0d6b2b47f..., userDataDir: C:\Users\user\AppData\Local...}, fedcm:accounts: true, goog:chromeOptions: {debuggerAddress: localhost:50436}, javascriptEnabled: true, networkConnectionEnabled: false, pageLoadStrategy: normal, platform: WINDOWS, platformName: WINDOWS, proxy: Proxy(), setWindowRect: true, strictFileInteractability: false, timeouts: {implicit: 0, pageLoad: 300000, script: 30000}, unhandledPromptBehavior: dismiss and notify, webauthn:extension:credBlob: true, webauthn:extension:largeBlob: true, webauthn:extension:minPinLength: true, webauthn:extension:prf: true, webauthn:virtualAuthenticators: true}
Session ID: 2f9c981b7af0bfbbb845d07e427f38aa
	at com.mindtree.runner.carsrunner.closeInstance(carsrunner.java:243)
]]></failure>
  </testcase>
</testsuite>