<?xml version="1.0" encoding="UTF-8"?>
<testsuite xmlns:xsi="http://www.w3.org/2001/XMLSchema-instance" xsi:noNamespaceSchemaLocation="https://maven.apache.org/surefire/maven-surefire-plugin/xsd/surefire-test-report-3.0.xsd" version="3.0" name="TestSuite" time="187.906" tests="10" errors="0" skipped="0" failures="1">
  <properties>
[...]
</properties>
  <testcase name="validateTitle[Book Outstation Cabs, Local &amp; Airport Taxi Service - India&apos;s Leading Car Rentals](1)" classname="com.mindtree.runner.carsrunner" time="0.691">
    <system-out><![CDATA[01-17-2022 00:12:58 ExtentLogUtilities.java INFO  [main] runner.carsrunner 14 - URL Opened
01-17-2022 00:13:22 ExtentLogUtilities.java INFO  [main] runner.carsrunner 14 - Page opend with title Book Outstation Cabs, Local & Airport Taxi Service - India's Leading Car Rentals
]]></system-out>
    <system-err><![CDATA[Starting ChromeDriver 96.0.4664.45 (76e4c1bb2ab4671b8beba3444e61c0f17584b2fc-refs/branch-heads/4664@{#947}) on port 42577
Only local connections are allowed.
Please see https://chromedriver.chromium.org/security-considerations for suggestions on keeping ChromeDriver safe.
ChromeDriver was started successfully.
[1642358567.477][WARNING]: This version of ChromeDriver has not been tested with Chrome version 97.
Jan 17, 2022 12:12:49 AM org.openqa.selenium.remote.ProtocolHandshake createSession
INFO: Detected dialect: W3C
[1642358588.833][SEVERE]: Timed out receiving message from renderer: 10.000
[1642358588.874][WARNING]: screenshot failed, retrying timeout: Timed out receiving message from renderer: 10.000
[1642358598.886][SEVERE]: Timed out receiving message from renderer: 10.000
]]></system-err>
  </testcase>
  <testcase name="LogIn[madheshmaddy080@gmail.com, madhesh@2001](1)" classname="com.mindtree.runner.carsrunner" time="10.375">
    <system-out><![CDATA[01-17-2022 00:13:23 ExtentLogUtilities.java INFO  [main] runner.carsrunner 14 - signin is clicked in page home page
01-17-2022 00:13:30 ExtentLogUtilities.java INFO  [main] runner.carsrunner 14 - Email field is send in page Account Log in
01-17-2022 00:13:30 ExtentLogUtilities.java INFO  [main] runner.carsrunner 14 - password field is send in page Account Log in
01-17-2022 00:13:31 ExtentLogUtilities.java INFO  [main] runner.carsrunner 14 - sign in button is clicked in page Account Log in
01-17-2022 00:13:32 ExtentLogUtilities.java INFO  [main] runner.carsrunner 14 - Successfully logged in
]]></system-out>
  </testcase>
  <testcase name="Outstation[Bangalore, Karnataka, Chennai Central, Chennai](1)" classname="com.mindtree.runner.carsrunner" time="17.4">
    <system-out><![CDATA[01-17-2022 00:13:33 ExtentLogUtilities.java INFO  [main] runner.carsrunner 14 - from place is clicked in page outstation
01-17-2022 00:13:34 ExtentLogUtilities.java INFO  [main] runner.carsrunner 14 - from place is send in page outstation
01-17-2022 00:13:35 ExtentLogUtilities.java INFO  [main] runner.carsrunner 14 - to place is clicked in page outstation
01-17-2022 00:13:36 ExtentLogUtilities.java INFO  [main] runner.carsrunner 14 - to place is send in page outstation
01-17-2022 00:13:37 ExtentLogUtilities.java INFO  [main] runner.carsrunner 14 - to place is clicked in page outstation
01-17-2022 00:13:42 ExtentLogUtilities.java INFO  [main] runner.carsrunner 14 - select car is clicked in page outstation
01-17-2022 00:13:45 ExtentLogUtilities.java INFO  [main] runner.carsrunner 14 - Successfully verified
01-17-2022 00:13:48 ExtentLogUtilities.java INFO  [main] runner.carsrunner 14 - home button is clicked in page home page
]]></system-out>
  </testcase>
  <testcase name="Selectcar" classname="com.mindtree.runner.carsrunner" time="11.64">
    <system-out><![CDATA[01-17-2022 00:13:53 ExtentLogUtilities.java INFO  [main] runner.carsrunner 14 - round is clicked in page home page
01-17-2022 00:13:54 ExtentLogUtilities.java INFO  [main] runner.carsrunner 14 - selectcar is clicked in page round
01-17-2022 00:13:58 ExtentLogUtilities.java INFO  [main] runner.carsrunner 14 - select car is clicked in page car page
01-17-2022 00:14:00 ExtentLogUtilities.java INFO  [main] runner.carsrunner 14 - booking detail shown 
01-17-2022 00:14:01 ExtentLogUtilities.java INFO  [main] runner.carsrunner 14 - home button is clicked in page home page
]]></system-out>
  </testcase>
  <testcase name="Local" classname="com.mindtree.runner.carsrunner" time="6.885">
    <system-out><![CDATA[01-17-2022 00:14:02 ExtentLogUtilities.java INFO  [main] runner.carsrunner 14 - local is clicked in page homepage
01-17-2022 00:14:03 ExtentLogUtilities.java INFO  [main] runner.carsrunner 14 - select car is clicked in page local
01-17-2022 00:14:06 ExtentLogUtilities.java INFO  [main] runner.carsrunner 14 - time is clicked in page carpage
01-17-2022 00:14:07 ExtentLogUtilities.java INFO  [main] runner.carsrunner 14 - select car is clicked in page car page
01-17-2022 00:14:07 ExtentLogUtilities.java INFO  [main] runner.carsrunner 14 - booking detail shown 
01-17-2022 00:14:08 ExtentLogUtilities.java INFO  [main] runner.carsrunner 14 - home button is clicked in page home page
]]></system-out>
  </testcase>
  <testcase name="Airport[KEB Colony](1)" classname="com.mindtree.runner.carsrunner" time="4.305">
    <failure type="com.mindtree.exceptions.ApplicationException"><![CDATA[com.mindtree.exceptions.ApplicationException
	at com.mindtree.runner.carsrunner.Airport(carsrunner.java:163)
]]></failure>
    <system-out><![CDATA[01-17-2022 00:14:09 ExtentLogUtilities.java INFO  [main] runner.carsrunner 14 - Airport is clicked in page HomePage
01-17-2022 00:14:11 ExtentLogUtilities.java INFO  [main] runner.carsrunner 14 - PickupAddress is clicked in page Airport
01-17-2022 00:14:11 ExtentLogUtilities.java INFO  [main] runner.carsrunner 14 - PickupAddress is send in page Airport
01-17-2022 00:14:12 ExtentLogUtilities.java ERROR [main] runner.carsrunner 21 - PickupAddress is not able clicked in page Airport
]]></system-out>
  </testcase>
  <testcase name="ThisApp" classname="com.mindtree.runner.carsrunner" time="12.395">
    <system-out><![CDATA[01-17-2022 00:14:14 ExtentLogUtilities.java INFO  [main] runner.carsrunner 14 - playstore button is clicked in page home page
01-17-2022 00:14:24 ExtentLogUtilities.java INFO  [main] runner.carsrunner 14 - playsrore detail shown 
01-17-2022 00:14:25 ExtentLogUtilities.java INFO  [main] runner.carsrunner 14 - home button is clicked in page home page
]]></system-out>
  </testcase>
  <testcase name="CarRental[madhesh, mindtree, madheshmaddy55@gmail.com, 8.760956783E9](1)" classname="com.mindtree.runner.carsrunner" time="20.745">
    <system-out><![CDATA[01-17-2022 00:14:26 ExtentLogUtilities.java INFO  [main] runner.carsrunner 14 - Car Rental is clicked in page Home Page
01-17-2022 00:14:31 ExtentLogUtilities.java INFO  [main] runner.carsrunner 14 - name is clicked in page namebox
01-17-2022 00:14:33 ExtentLogUtilities.java INFO  [main] runner.carsrunner 14 - name is send in page namebox
01-17-2022 00:14:34 ExtentLogUtilities.java INFO  [main] runner.carsrunner 14 - company name is clicked in page compnamebox
01-17-2022 00:14:36 ExtentLogUtilities.java INFO  [main] runner.carsrunner 14 - company name is send in page compnamebox
01-17-2022 00:14:37 ExtentLogUtilities.java INFO  [main] runner.carsrunner 14 - email is clicked in page emailbox
01-17-2022 00:14:38 ExtentLogUtilities.java INFO  [main] runner.carsrunner 14 - email is send in page emailbox
01-17-2022 00:14:39 ExtentLogUtilities.java INFO  [main] runner.carsrunner 14 - phone no is clicked in page phonenobox
01-17-2022 00:14:39 ExtentLogUtilities.java INFO  [main] runner.carsrunner 14 - phone no is send in page phonenobox
01-17-2022 00:14:41 ExtentLogUtilities.java INFO  [main] runner.carsrunner 14 - submit is clicked in page CarRental
01-17-2022 00:14:45 ExtentLogUtilities.java INFO  [main] runner.carsrunner 14 - result detail shown 
01-17-2022 00:14:46 ExtentLogUtilities.java INFO  [main] runner.carsrunner 14 - home button is clicked in page home page
]]></system-out>
  </testcase>
  <testcase name="Onewaycab" classname="com.mindtree.runner.carsrunner" time="13.963">
    <system-out><![CDATA[01-17-2022 00:14:47 ExtentLogUtilities.java INFO  [main] runner.carsrunner 14 - One way cab is clicked in page home page
01-17-2022 00:14:52 ExtentLogUtilities.java INFO  [main] runner.carsrunner 14 - chennaitab is clicked in page onewaycab
01-17-2022 00:14:55 ExtentLogUtilities.java INFO  [main] runner.carsrunner 14 - trl is clicked in page chntab
Book Outstation Cabs, Local & Airport Taxi Service - India's Leading Car Rentals
01-17-2022 00:15:00 ExtentLogUtilities.java INFO  [main] runner.carsrunner 14 - home button is clicked in page home page
]]></system-out>
  </testcase>
  <testcase name="SignOut" classname="com.mindtree.runner.carsrunner" time="27.42">
    <system-out><![CDATA[01-17-2022 00:15:00 ExtentLogUtilities.java INFO  [main] runner.carsrunner 14 - img is clicked in page img
01-17-2022 00:15:03 ExtentLogUtilities.java INFO  [main] runner.carsrunner 14 - bookings is clicked in page bookings
01-17-2022 00:15:06 ExtentLogUtilities.java INFO  [main] runner.carsrunner 14 - cancelled is clicked in page cancelled
01-17-2022 00:15:09 ExtentLogUtilities.java INFO  [main] runner.carsrunner 14 - completed is clicked in page completed
01-17-2022 00:15:11 ExtentLogUtilities.java INFO  [main] runner.carsrunner 14 - booknow is clicked in page booknow
01-17-2022 00:15:14 ExtentLogUtilities.java INFO  [main] runner.carsrunner 14 - img is clicked in page img
01-17-2022 00:15:17 ExtentLogUtilities.java INFO  [main] runner.carsrunner 14 - accountsetting is clicked in page accountsetting
01-17-2022 00:15:20 ExtentLogUtilities.java INFO  [main] runner.carsrunner 14 - home is clicked in page home
01-17-2022 00:15:23 ExtentLogUtilities.java INFO  [main] runner.carsrunner 14 - img is clicked in page img
01-17-2022 00:15:26 ExtentLogUtilities.java INFO  [main] runner.carsrunner 14 - logout is clicked in page logout
01-17-2022 00:15:27 ExtentLogUtilities.java INFO  [main] runner.carsrunner 14 - Signed out sucessfully 
]]></system-out>
  </testcase>
</testsuite>