<?xml version="1.0" encoding="UTF-8"?>
<testng-results ignored="0" total="10" passed="9" failed="1" skipped="0">
  <reporter-output>
  </reporter-output>
  <suite started-at="2022-01-17T00:12:28 IST" name="Suite" finished-at="2022-01-17T00:15:30 IST" duration-ms="182124">
    <groups>
    </groups>
    <test started-at="2022-01-17T00:12:28 IST" name="Test" finished-at="2022-01-17T00:15:30 IST" duration-ms="182124">
      <class name="com.mindtree.runner.carsrunner">
        <test-method is-config="true" signature="initializeDriver()[pri:0, instance:com.mindtree.runner.carsrunner@3a3e78f]" started-at="2022-01-17T00:12:28 IST" name="initializeDriver" finished-at="2022-01-17T00:13:21 IST" duration-ms="53743" status="PASS">
          <reporter-output>
          </reporter-output>
        </test-method> <!-- initializeDriver -->
        <test-method signature="validateTitle(java.lang.String)[pri:1, instance:com.mindtree.runner.carsrunner@3a3e78f]" started-at="2022-01-17T00:13:22 IST" name="validateTitle" data-provider="getTitle" finished-at="2022-01-17T00:13:22 IST" duration-ms="756" status="PASS">
          <params>
            <param index="0">
              <value>
                <![CDATA[Book Outstation Cabs, Local & Airport Taxi Service - India's Leading Car Rentals]]>
              </value>
            </param>
          </params>
          <reporter-output>
          </reporter-output>
        </test-method> <!-- validateTitle -->
        <test-method signature="LogIn(java.lang.String, java.lang.String)[pri:2, instance:com.mindtree.runner.carsrunner@3a3e78f]" started-at="2022-01-17T00:13:22 IST" name="LogIn" data-provider="getData" finished-at="2022-01-17T00:13:33 IST" duration-ms="10371" status="PASS">
          <params>
            <param index="0">
              <value>
                <![CDATA[madheshmaddy080@gmail.com]]>
              </value>
            </param>
            <param index="1">
              <value>
                <![CDATA[madhesh@2001]]>
              </value>
            </param>
          </params>
          <reporter-output>
          </reporter-output>
        </test-method> <!-- LogIn -->
        <test-method signature="Outstation(java.lang.String, java.lang.String)[pri:3, instance:com.mindtree.runner.carsrunner@3a3e78f]" started-at="2022-01-17T00:13:33 IST" name="Outstation" data-provider="getData1" finished-at="2022-01-17T00:13:50 IST" duration-ms="17395" status="PASS">
          <params>
            <param index="0">
              <value>
                <![CDATA[Bangalore, Karnataka]]>
              </value>
            </param>
            <param index="1">
              <value>
                <![CDATA[Chennai Central, Chennai]]>
              </value>
            </param>
          </params>
          <reporter-output>
          </reporter-output>
        </test-method> <!-- Outstation -->
        <test-method signature="Selectcar()[pri:4, instance:com.mindtree.runner.carsrunner@3a3e78f]" started-at="2022-01-17T00:13:50 IST" name="Selectcar" finished-at="2022-01-17T00:14:02 IST" duration-ms="11641" status="PASS">
          <reporter-output>
          </reporter-output>
        </test-method> <!-- Selectcar -->
        <test-method signature="Local()[pri:5, instance:com.mindtree.runner.carsrunner@3a3e78f]" started-at="2022-01-17T00:14:02 IST" name="Local" finished-at="2022-01-17T00:14:09 IST" duration-ms="6882" status="PASS">
          <reporter-output>
          </reporter-output>
        </test-method> <!-- Local -->
        <test-method signature="Airport(java.lang.String)[pri:6, instance:com.mindtree.runner.carsrunner@3a3e78f]" started-at="2022-01-17T00:14:09 IST" name="Airport" data-provider="getData2" finished-at="2022-01-17T00:14:13 IST" duration-ms="4269" status="FAIL">
          <params>
            <param index="0">
              <value>
                <![CDATA[KEB Colony]]>
              </value>
            </param>
          </params>
          <exception class="com.mindtree.exceptions.ApplicationException">
            <full-stacktrace>
              <![CDATA[null
at com.mindtree.runner.carsrunner.Airport(carsrunner.java:163)
at java.base/jdk.internal.reflect.NativeMethodAccessorImpl.invoke0(Native Method)
at java.base/jdk.internal.reflect.NativeMethodAccessorImpl.invoke(NativeMethodAccessorImpl.java:62)
at java.base/jdk.internal.reflect.DelegatingMethodAccessorImpl.invoke(DelegatingMethodAccessorImpl.java:43)
at java.base/java.lang.reflect.Method.invoke(Method.java:566)
at org.testng.internal.MethodInvocationHelper.invokeMethod(MethodInvocationHelper.java:133)
at org.testng.internal.TestInvoker.invokeMethod(TestInvoker.java:584)
at org.testng.internal.TestInvoker.invokeTestMethod(TestInvoker.java:172)
at org.testng.internal.MethodRunner.runInSequence(MethodRunner.java:46)
at org.testng.internal.TestInvoker$MethodInvocationAgent.invoke(TestInvoker.java:804)
at org.testng.internal.TestInvoker.invokeTestMethods(TestInvoker.java:145)
at org.testng.internal.TestMethodWorker.invokeTestMethods(TestMethodWorker.java:146)
at org.testng.internal.TestMethodWorker.run(TestMethodWorker.java:128)
at java.base/java.util.ArrayList.forEach(ArrayList.java:1541)
at org.testng.TestRunner.privateRun(TestRunner.java:770)
at org.testng.TestRunner.run(TestRunner.java:591)
at org.testng.SuiteRunner.runTest(SuiteRunner.java:402)
at org.testng.SuiteRunner.runSequentially(SuiteRunner.java:396)
at org.testng.SuiteRunner.privateRun(SuiteRunner.java:355)
at org.testng.SuiteRunner.run(SuiteRunner.java:304)
at org.testng.SuiteRunnerWorker.runSuite(SuiteRunnerWorker.java:53)
at org.testng.SuiteRunnerWorker.run(SuiteRunnerWorker.java:96)
at org.testng.TestNG.runSuitesSequentially(TestNG.java:1180)
at org.testng.TestNG.runSuitesLocally(TestNG.java:1102)
at org.testng.TestNG.runSuites(TestNG.java:1032)
at org.testng.TestNG.run(TestNG.java:1000)
at org.apache.maven.surefire.testng.TestNGExecutor.run(TestNGExecutor.java:284)
at org.apache.maven.surefire.testng.TestNGXmlTestSuite.execute(TestNGXmlTestSuite.java:75)
at org.apache.maven.surefire.testng.TestNGProvider.invoke(TestNGProvider.java:119)
at org.apache.maven.surefire.booter.ForkedBooter.runSuitesInProcess(ForkedBooter.java:428)
at org.apache.maven.surefire.booter.ForkedBooter.execute(ForkedBooter.java:162)
at org.apache.maven.surefire.booter.ForkedBooter.run(ForkedBooter.java:562)
at org.apache.maven.surefire.booter.ForkedBooter.main(ForkedBooter.java:548)
]]>
            </full-stacktrace>
          </exception> <!-- com.mindtree.exceptions.ApplicationException -->
          <reporter-output>
          </reporter-output>
        </test-method> <!-- Airport -->
        <test-method signature="ThisApp()[pri:7, instance:com.mindtree.runner.carsrunner@3a3e78f]" started-at="2022-01-17T00:14:13 IST" name="ThisApp" finished-at="2022-01-17T00:14:25 IST" duration-ms="12394" status="PASS">
          <reporter-output>
          </reporter-output>
        </test-method> <!-- ThisApp -->
        <test-method signature="CarRental(java.lang.String, java.lang.String, java.lang.String, java.lang.String)[pri:8, instance:com.mindtree.runner.carsrunner@3a3e78f]" started-at="2022-01-17T00:14:25 IST" name="CarRental" data-provider="getData3" finished-at="2022-01-17T00:14:46 IST" duration-ms="20736" status="PASS">
          <params>
            <param index="0">
              <value>
                <![CDATA[madhesh]]>
              </value>
            </param>
            <param index="1">
              <value>
                <![CDATA[mindtree]]>
              </value>
            </param>
            <param index="2">
              <value>
                <![CDATA[madheshmaddy55@gmail.com]]>
              </value>
            </param>
            <param index="3">
              <value>
                <![CDATA[8.760956783E9]]>
              </value>
            </param>
          </params>
          <reporter-output>
          </reporter-output>
        </test-method> <!-- CarRental -->
        <test-method signature="Onewaycab()[pri:9, instance:com.mindtree.runner.carsrunner@3a3e78f]" started-at="2022-01-17T00:14:46 IST" name="Onewaycab" finished-at="2022-01-17T00:15:00 IST" duration-ms="13967" status="PASS">
          <reporter-output>
          </reporter-output>
        </test-method> <!-- Onewaycab -->
        <test-method signature="SignOut()[pri:10, instance:com.mindtree.runner.carsrunner@3a3e78f]" started-at="2022-01-17T00:15:00 IST" name="SignOut" finished-at="2022-01-17T00:15:27 IST" duration-ms="27417" status="PASS">
          <reporter-output>
          </reporter-output>
        </test-method> <!-- SignOut -->
        <test-method is-config="true" signature="closeInstance()[pri:0, instance:com.mindtree.runner.carsrunner@3a3e78f]" started-at="2022-01-17T00:15:27 IST" name="closeInstance" finished-at="2022-01-17T00:15:30 IST" duration-ms="2185" status="PASS">
          <reporter-output>
          </reporter-output>
        </test-method> <!-- closeInstance -->
      </class> <!-- com.mindtree.runner.carsrunner -->
    </test> <!-- Test -->
  </suite> <!-- Suite -->
</testng-results>
