-------------------------------------------------------------------------------
Test set: TestSuite
-------------------------------------------------------------------------------
Tests run: 10, Failures: 1, Errors: 0, Skipped: 0, Time elapsed: 187.906 s <<< FAILURE! - in TestSuite
com.mindtree.runner.carsrunner.Airport[KEB Colony](1)  Time elapsed: 4.305 s  <<< FAILURE!
com.mindtree.exceptions.ApplicationException
	at com.mindtree.runner.carsrunner.Airport(carsrunner.java:163)

