<?xml version="1.0" encoding="UTF-8"?>
<testng-results ignored="0" total="3" passed="3" failed="0" skipped="0">
  <reporter-output>
  </reporter-output>
  <suite started-at="2025-10-06T15:37:53 IST" name="Default suite" finished-at="2025-10-06T15:38:13 IST" duration-ms="19871">
    <groups>
    </groups>
    <test started-at="2025-10-06T15:37:53 IST" name="Default test" finished-at="2025-10-06T15:38:13 IST" duration-ms="19871">
      <class name="com.mindtree.runner.carsrunner">
        <test-method is-config="true" signature="initializeDriver()[pri:0, instance:com.mindtree.runner.carsrunner@784c3487]" started-at="2025-10-06T15:37:53 IST" name="initializeDriver" finished-at="2025-10-06T15:37:59 IST" duration-ms="5562" status="PASS">
          <reporter-output>
          </reporter-output>
        </test-method> <!-- initializeDriver -->
        <test-method signature="validateTitle(java.lang.String)[pri:1, instance:com.mindtree.runner.carsrunner@784c3487]" started-at="2025-10-06T15:37:59 IST" name="validateTitle" data-provider="getTitle" finished-at="2025-10-06T15:37:59 IST" duration-ms="322" status="PASS">
          <params>
            <param index="0">
              <value>
                <![CDATA[ParaBank | Welcome | Online Banking]]>
              </value>
            </param>
          </params>
          <reporter-output>
          </reporter-output>
        </test-method> <!-- validateTitle -->
        <test-method signature="LogIn(java.lang.String, java.lang.String)[pri:2, instance:com.mindtree.runner.carsrunner@784c3487]" started-at="2025-10-06T15:37:59 IST" name="LogIn" data-provider="getData" finished-at="2025-10-06T15:38:02 IST" duration-ms="2325" status="PASS">
          <params>
            <param index="0">
              <value>
                <![CDATA[ProjectTestUser1]]>
              </value>
            </param>
            <param index="1">
              <value>
                <![CDATA[Test@12345]]>
              </value>
            </param>
          </params>
          <reporter-output>
          </reporter-output>
        </test-method> <!-- LogIn -->
        <test-method signature="NewAccount()[pri:3, instance:com.mindtree.runner.carsrunner@784c3487]" started-at="2025-10-06T15:38:02 IST" name="NewAccount" finished-at="2025-10-06T15:38:12 IST" duration-ms="10590" status="PASS">
          <reporter-output>
          </reporter-output>
        </test-method> <!-- NewAccount -->
        <test-method is-config="true" signature="closeInstance()[pri:0, instance:com.mindtree.runner.carsrunner@784c3487]" started-at="2025-10-06T15:38:12 IST" name="closeInstance" finished-at="2025-10-06T15:38:13 IST" duration-ms="1020" status="PASS">
          <reporter-output>
          </reporter-output>
        </test-method> <!-- closeInstance -->
      </class> <!-- com.mindtree.runner.carsrunner -->
    </test> <!-- Default test -->
  </suite> <!-- Default suite -->
</testng-results>
